<?xml version="1.0" encoding="UTF-8"?>
<!-- Generated by org.testng.reporters.JUnitReportReporter -->
<testsuite hostname="PF2FLR42" failures="0" tests="1" name="tests.LoginTest" time="5.412" errors="0" timestamp="2021-04-22T15:30:01 EEST" skipped="0">
  <testcase classname="tests.LoginTest" name="Login" time="5.412"/>
  <system-out/>
</testsuite> <!-- tests.LoginTest -->
