<?xml version="1.0" encoding="UTF-8"?>
<!-- Generated by org.testng.reporters.JUnitReportReporter -->
<testsuite hostname="PF2FLR42" failures="0" tests="3" name="TestNGTest.DDT_Excel_Login" time="14.378" errors="0" timestamp="2021-04-21T15:44:41 EEST" skipped="0">
  <testcase classname="TestNGTest.DDT_Excel_Login" name="login" time="4.512"/>
  <system-out/>
  <testcase classname="TestNGTest.DDT_Excel_Login" name="login" time="5.298"/>
  <system-out/>
  <testcase classname="TestNGTest.DDT_Excel_Login" name="login" time="4.568"/>
  <system-out/>
</testsuite> <!-- TestNGTest.DDT_Excel_Login -->
