<?xml version="1.0" encoding="UTF-8"?>
<!-- Generated by org.testng.reporters.JUnitReportReporter -->
<testsuite hostname="PF2FLR42" failures="0" tests="1" name="TestNGTest.NewTest" time="8.068" errors="0" timestamp="2021-04-11T11:26:52 EEST" skipped="0">
  <testcase classname="TestNGTest.NewTest" name="createUser" time="8.068"/>
  <system-out/>
</testsuite> <!-- TestNGTest.NewTest -->
