<?xml version="1.0" encoding="UTF-8"?>
<!-- Generated by org.testng.reporters.JUnitReportReporter -->
<testsuite hostname="PF2FLR42" failures="0" tests="1" name="tests.LoginTest" time="5.251" errors="0" timestamp="2021-04-21T16:59:52 EEST" skipped="0">
  <testcase classname="tests.LoginTest" name="Login" time="5.251"/>
  <system-out/>
</testsuite> <!-- tests.LoginTest -->
